Using pre-set license
Built from '2020.3/staging' branch; Version is '2020.3.14f1 (d0d1bb862f9d) revision 13685179'; Using compiler version '192528614'; Build Type 'Release'
OS: 'Windows 10 Home; OS build 19041.1110; Version 2004; 64bit' Language: 'ja' Physical Memory: 16325 MB
BatchMode: 1, IsHumanControllingUs: 0, StartBugReporterOnCrash: 0, Is64bit: 1, IsPro: 0

 COMMAND LINE ARGUMENTS:
C:\Program Files\Unity\2020.3.14f1\Editor\Unity.exe
-adb2
-batchMode
-noUpm
-name
AssetImportWorker0
-projectPath
C:/Unitydata/AssetTest
-logFile
Logs/AssetImportWorker0.log
-srvPort
55490
Successfully changed project path to: C:/Unitydata/AssetTest
C:/Unitydata/AssetTest
Using Asset Import Pipeline V2.
Refreshing native plugins compatible for Editor in 22.52 ms, found 2 plugins.
Preloading 0 native plugins for Editor in 0.00 ms.
Initialize engine version: 2020.3.14f1 (d0d1bb862f9d)
[Subsystems] Discovering subsystems at path C:/Program Files/Unity/2020.3.14f1/Editor/Data/Resources/UnitySubsystems
[Subsystems] Discovering subsystems at path C:/Unitydata/AssetTest/Assets
GfxDevice: creating device client; threaded=0
Direct3D:
    Version:  Direct3D 11.0 [level 11.1]
    Renderer: NVIDIA GeForce RTX 2070 (ID=0x1f02)
    Vendor:   
    VRAM:     8031 MB
    Driver:   27.21.14.6647
Initialize mono
Mono path[0] = 'C:/Program Files/Unity/2020.3.14f1/Editor/Data/Managed'
Mono path[1] = 'C:/Program Files/Unity/2020.3.14f1/Editor/Data/MonoBleedingEdge/lib/mono/unityjit'
Mono config path = 'C:/Program Files/Unity/2020.3.14f1/Editor/Data/MonoBleedingEdge/etc'
Using monoOptions --debugger-agent=transport=dt_socket,embedding=1,server=y,suspend=n,address=127.0.0.1:56772
Begin MonoManager ReloadAssembly
Registering precompiled unity dll's ...
Register platform support module: C:/Program Files/Unity/2020.3.14f1/Editor/Data/PlaybackEngines/WindowsStandaloneSupport/UnityEditor.WindowsStandalone.Extensions.dll
Registered in 0.001792 seconds.
Native extension for WindowsStandalone target not found
Refreshing native plugins compatible for Editor in 25.36 ms, found 2 plugins.
Preloading 0 native plugins for Editor in 0.00 ms.
Mono: successfully reloaded assembly
- Completed reload, in  0.876 seconds
Domain Reload Profiling:
	ReloadAssembly (877ms)
		BeginReloadAssembly (43ms)
			ExecutionOrderSort (0ms)
			DisableScriptedObjects (0ms)
			BackupInstance (0ms)
			ReleaseScriptingObjects (0ms)
			CreateAndSetChildDomain (1ms)
		EndReloadAssembly (357ms)
			LoadAssemblies (41ms)
			RebuildTransferFunctionScriptingTraits (0ms)
			SetupTypeCache (137ms)
			ReleaseScriptCaches (0ms)
			RebuildScriptCaches (28ms)
			SetupLoadedEditorAssemblies (131ms)
				LogAssemblyErrors (0ms)
				InitializePlatformSupportModulesInManaged (3ms)
				SetLoadedEditorAssemblies (0ms)
				RefreshPlugins (25ms)
				BeforeProcessingInitializeOnLoad (6ms)
				ProcessInitializeOnLoadAttributes (69ms)
				ProcessInitializeOnLoadMethodAttributes (26ms)
				AfterProcessingInitializeOnLoad (0ms)
				EditorAssembliesLoaded (0ms)
			ExecutionOrderSort2 (0ms)
			AwakeInstancesAfterBackupRestoration (0ms)
Platform modules already initialized, skipping
Registering precompiled user dll's ...
Registered in 0.003402 seconds.
Begin MonoManager ReloadAssembly
Native extension for WindowsStandalone target not found
Refreshing native plugins compatible for Editor in 0.26 ms, found 2 plugins.
Preloading 0 native plugins for Editor in 0.00 ms.
Mono: successfully reloaded assembly
- Completed reload, in  0.853 seconds
Domain Reload Profiling:
	ReloadAssembly (854ms)
		BeginReloadAssembly (117ms)
			ExecutionOrderSort (0ms)
			DisableScriptedObjects (4ms)
			BackupInstance (0ms)
			ReleaseScriptingObjects (0ms)
			CreateAndSetChildDomain (15ms)
		EndReloadAssembly (686ms)
			LoadAssemblies (68ms)
			RebuildTransferFunctionScriptingTraits (0ms)
			SetupTypeCache (228ms)
			ReleaseScriptCaches (0ms)
			RebuildScriptCaches (36ms)
			SetupLoadedEditorAssemblies (270ms)
				LogAssemblyErrors (0ms)
				InitializePlatformSupportModulesInManaged (4ms)
				SetLoadedEditorAssemblies (0ms)
				RefreshPlugins (0ms)
				BeforeProcessingInitializeOnLoad (42ms)
				ProcessInitializeOnLoadAttributes (210ms)
				ProcessInitializeOnLoadMethodAttributes (5ms)
				AfterProcessingInitializeOnLoad (7ms)
				EditorAssembliesLoaded (0ms)
			ExecutionOrderSort2 (0ms)
			AwakeInstancesAfterBackupRestoration (7ms)
Platform modules already initialized, skipping
========================================================================
Worker process is ready to serve import requests
Launched and connected shader compiler UnityShaderCompiler.exe after 0.05 seconds
Refreshing native plugins compatible for Editor in 0.29 ms, found 2 plugins.
Preloading 0 native plugins for Editor in 0.00 ms.
Unloading 1402 Unused Serialized files (Serialized files now loaded: 0)
System memory in use before: 65.0 MB.
System memory in use after: 65.1 MB.

Unloading 19 unused Assets to reduce memory usage. Loaded Objects now: 1835.
Total: 6.118900 ms (FindLiveObjects: 0.144000 ms CreateObjectMapping: 0.039700 ms MarkObjects: 5.841800 ms  DeleteObjects: 0.091800 ms)

AssetImportParameters requested are different than current active one (requested -> active):
  custom:framework-win-MediaFoundation: 216162199b28c13a410421893ffa2e32 -> 
  custom:video-decoder-ogg-theora: a1e56fd34408186e4bbccfd4996cb3dc -> 
  custom:container-muxer-webm: aa71ff27fc2769a1b78a27578f13a17b -> 
  custom:container-demuxer-webm: 4f35f7cbe854078d1ac9338744f61a02 -> 
  custom:container-demuxer-ogg: 62fdf1f143b41e24485cea50d1cbac27 -> 
  custom:video-encoder-webm-vp8: eb34c28f22e8b96e1ab97ce403110664 -> 
  custom:video-codec-MediaFoundation-h265: 746d11721c4dcdbdad8f713fa42b33f4 -> 
  custom:video-decoder-webm-vp8: 9c59270c3fd7afecdb556c50c9e8de78 -> 
  custom:audio-decoder-ogg-vorbis: bf7c407c2cedff20999df2af8eb42d56 -> 
  custom:audio-encoder-webm-vorbis: bf7c407c2cedff20999df2af8eb42d56 -> 
========================================================================
Received Import Request.
  path: Assets/GameScene/GameScene.unity
  artifactKey: Guid(0b18782437fc2334baebc4267ae1aa78) Importer(815301076,1909f56bfc062723c751e8b465ee728b)
Start importing Assets/GameScene/GameScene.unity using Guid(0b18782437fc2334baebc4267ae1aa78) Importer(815301076,1909f56bfc062723c751e8b465ee728b)  -> (artifact id: '53bc914db781ae51e13e3c90308c87af') in 0.061084 seconds 
  Import took 0.064879 seconds .

========================================================================
Received Prepare
Registering precompiled user dll's ...
Registered in 0.003095 seconds.
Begin MonoManager ReloadAssembly
Native extension for WindowsStandalone target not found
Refreshing native plugins compatible for Editor in 0.31 ms, found 2 plugins.
Preloading 0 native plugins for Editor in 0.00 ms.
Mono: successfully reloaded assembly
- Completed reload, in  0.835 seconds
Domain Reload Profiling:
	ReloadAssembly (835ms)
		BeginReloadAssembly (94ms)
			ExecutionOrderSort (0ms)
			DisableScriptedObjects (4ms)
			BackupInstance (0ms)
			ReleaseScriptingObjects (0ms)
			CreateAndSetChildDomain (26ms)
		EndReloadAssembly (685ms)
			LoadAssemblies (74ms)
			RebuildTransferFunctionScriptingTraits (0ms)
			SetupTypeCache (244ms)
			ReleaseScriptCaches (1ms)
			RebuildScriptCaches (34ms)
			SetupLoadedEditorAssemblies (247ms)
				LogAssemblyErrors (0ms)
				InitializePlatformSupportModulesInManaged (5ms)
				SetLoadedEditorAssemblies (0ms)
				RefreshPlugins (0ms)
				BeforeProcessingInitializeOnLoad (43ms)
				ProcessInitializeOnLoadAttributes (188ms)
				ProcessInitializeOnLoadMethodAttributes (4ms)
				AfterProcessingInitializeOnLoad (6ms)
				EditorAssembliesLoaded (0ms)
			ExecutionOrderSort2 (0ms)
			AwakeInstancesAfterBackupRestoration (6ms)
Platform modules already initialized, skipping
Refreshing native plugins compatible for Editor in 0.27 ms, found 2 plugins.
Preloading 0 native plugins for Editor in 0.00 ms.
Unloading 1397 Unused Serialized files (Serialized files now loaded: 0)
System memory in use before: 65.0 MB.
System memory in use after: 65.0 MB.

Unloading 14 unused Assets to reduce memory usage. Loaded Objects now: 1838.
Total: 1.640000 ms (FindLiveObjects: 0.160900 ms CreateObjectMapping: 0.052400 ms MarkObjects: 1.379900 ms  DeleteObjects: 0.045900 ms)

AssetImportParameters requested are different than current active one (requested -> active):
  custom:framework-win-MediaFoundation: 216162199b28c13a410421893ffa2e32 -> 
  custom:video-decoder-ogg-theora: a1e56fd34408186e4bbccfd4996cb3dc -> 
  custom:container-muxer-webm: aa71ff27fc2769a1b78a27578f13a17b -> 
  custom:container-demuxer-webm: 4f35f7cbe854078d1ac9338744f61a02 -> 
  custom:container-demuxer-ogg: 62fdf1f143b41e24485cea50d1cbac27 -> 
  custom:video-encoder-webm-vp8: eb34c28f22e8b96e1ab97ce403110664 -> 
  custom:video-codec-MediaFoundation-h265: 746d11721c4dcdbdad8f713fa42b33f4 -> 
  custom:video-decoder-webm-vp8: 9c59270c3fd7afecdb556c50c9e8de78 -> 
  custom:audio-decoder-ogg-vorbis: bf7c407c2cedff20999df2af8eb42d56 -> 
  custom:audio-encoder-webm-vorbis: bf7c407c2cedff20999df2af8eb42d56 -> 
========================================================================
Received Import Request.
  Time since last request: 311.823948 seconds.
  path: Assets/GameScene/Animations
  artifactKey: Guid(4810a14ea101abe49b277064660b52ca) Importer(815301076,1909f56bfc062723c751e8b465ee728b)
Start importing Assets/GameScene/Animations using Guid(4810a14ea101abe49b277064660b52ca) Importer(815301076,1909f56bfc062723c751e8b465ee728b)  -> (artifact id: '2e8df6504923a3f83213434210430e8d') in 0.008494 seconds 
  Import took 0.010562 seconds .

========================================================================
Received Import Request.
  Time since last request: 1.485316 seconds.
  path: Assets/GameScene/Materials/BallMaterial1.mat
  artifactKey: Guid(a2718934484e11040ac6644e345c9fbf) Importer(815301076,1909f56bfc062723c751e8b465ee728b)
Start importing Assets/GameScene/Materials/BallMaterial1.mat using Guid(a2718934484e11040ac6644e345c9fbf) Importer(815301076,1909f56bfc062723c751e8b465ee728b)  -> (artifact id: '879ff7b0ac8d5c7b58cd10a69205de65') in 0.142066 seconds 
  Import took 0.144046 seconds .

========================================================================
Received Import Request.
  Time since last request: 0.000206 seconds.
  path: Assets/GameScene/Materials/DeskMaterial.mat
  artifactKey: Guid(ba3252c1bdba8ed44b5257ac0755a000) Importer(815301076,1909f56bfc062723c751e8b465ee728b)
Start importing Assets/GameScene/Materials/DeskMaterial.mat using Guid(ba3252c1bdba8ed44b5257ac0755a000) Importer(815301076,1909f56bfc062723c751e8b465ee728b)  -> (artifact id: 'c3a98c5009ab5d4300438636a95f6379') in 0.011992 seconds 
  Import took 0.013973 seconds .

========================================================================
Received Import Request.
  Time since last request: 0.000295 seconds.
  path: Assets/GameScene/Materials/DoorMaterial.mat
  artifactKey: Guid(4e1a2f6eafb0fbf448b94800b8ae40ec) Importer(815301076,1909f56bfc062723c751e8b465ee728b)
Start importing Assets/GameScene/Materials/DoorMaterial.mat using Guid(4e1a2f6eafb0fbf448b94800b8ae40ec) Importer(815301076,1909f56bfc062723c751e8b465ee728b)  -> (artifact id: '56c03d569134b5836b8777bfc448cb6a') in 0.014854 seconds 
  Import took 0.017022 seconds .

========================================================================
Received Import Request.
  Time since last request: 0.000225 seconds.
  path: Assets/GameScene/Materials/BoxMaterial.mat
  artifactKey: Guid(3290a5bbede1ca649ad4e9eba400c0ec) Importer(815301076,1909f56bfc062723c751e8b465ee728b)
Start importing Assets/GameScene/Materials/BoxMaterial.mat using Guid(3290a5bbede1ca649ad4e9eba400c0ec) Importer(815301076,1909f56bfc062723c751e8b465ee728b)  -> (artifact id: '399163ccc606d9f7734cd27396d4972a') in 0.016352 seconds 
  Import took 0.018246 seconds .

========================================================================
Received Import Request.
  Time since last request: 0.000256 seconds.
  path: Assets/GameScene/Materials/EMaterial.mat
  artifactKey: Guid(de64834b288c06e4db5687a9fadd7d13) Importer(815301076,1909f56bfc062723c751e8b465ee728b)
Start importing Assets/GameScene/Materials/EMaterial.mat using Guid(de64834b288c06e4db5687a9fadd7d13) Importer(815301076,1909f56bfc062723c751e8b465ee728b)  -> (artifact id: 'bd0eb1d0d44fb996b08c17d3a807320f') in 0.014705 seconds 
  Import took 0.016760 seconds .

========================================================================
Received Import Request.
  Time since last request: 0.000253 seconds.
  path: Assets/GameScene/Materials/BallMaterial2.mat
  artifactKey: Guid(459133c1a26c12a4c95907e71cbeeacf) Importer(815301076,1909f56bfc062723c751e8b465ee728b)
Start importing Assets/GameScene/Materials/BallMaterial2.mat using Guid(459133c1a26c12a4c95907e71cbeeacf) Importer(815301076,1909f56bfc062723c751e8b465ee728b)  -> (artifact id: 'e114dbf9f46ef835c01019841e71e607') in 0.013901 seconds 
  Import took 0.016069 seconds .

========================================================================
Received Import Request.
  Time since last request: 0.000204 seconds.
  path: Assets/GameScene/Materials/SofaMaterial.mat
  artifactKey: Guid(e8db36d8fbb736649b6156f00ce36dca) Importer(815301076,1909f56bfc062723c751e8b465ee728b)
Start importing Assets/GameScene/Materials/SofaMaterial.mat using Guid(e8db36d8fbb736649b6156f00ce36dca) Importer(815301076,1909f56bfc062723c751e8b465ee728b)  -> (artifact id: '11ee3b5f765c682f599b78bf7a0f5d36') in 0.016063 seconds 
  Import took 0.018135 seconds .

========================================================================
Received Import Request.
  Time since last request: 0.000235 seconds.
  path: Assets/GameScene/Materials/RainbowMaterial.mat
  artifactKey: Guid(758e652b0122b4a49b99ce6e28276836) Importer(815301076,1909f56bfc062723c751e8b465ee728b)
Start importing Assets/GameScene/Materials/RainbowMaterial.mat using Guid(758e652b0122b4a49b99ce6e28276836) Importer(815301076,1909f56bfc062723c751e8b465ee728b)  -> (artifact id: '0d137baf2b3ad2e80ad10c717e59ee7f') in 0.015120 seconds 
  Import took 0.017326 seconds .

========================================================================
Received Import Request.
  Time since last request: 0.000211 seconds.
  path: Assets/GameScene/Materials/OpenWall.mat
  artifactKey: Guid(f635ae651961e6a448b54b6d33eecd8a) Importer(815301076,1909f56bfc062723c751e8b465ee728b)
Start importing Assets/GameScene/Materials/OpenWall.mat using Guid(f635ae651961e6a448b54b6d33eecd8a) Importer(815301076,1909f56bfc062723c751e8b465ee728b)  -> (artifact id: 'd60aec9336771877bc1607f13d019775') in 0.011955 seconds 
  Import took 0.014269 seconds .

========================================================================
Received Import Request.
  Time since last request: 0.000189 seconds.
  path: Assets/GameScene/Materials/SecurityBoxMaterial.mat
  artifactKey: Guid(6822141a7e115304b9979b30107a2935) Importer(815301076,1909f56bfc062723c751e8b465ee728b)
Start importing Assets/GameScene/Materials/SecurityBoxMaterial.mat using Guid(6822141a7e115304b9979b30107a2935) Importer(815301076,1909f56bfc062723c751e8b465ee728b)  -> (artifact id: 'bf33b4d9c68f1c655f81a3f371927fb5') in 0.010031 seconds 
  Import took 0.012090 seconds .

========================================================================
Received Import Request.
  Time since last request: 0.000165 seconds.
  path: Assets/GameScene/Materials/BookCoverC.mat
  artifactKey: Guid(4f90fc67b5b78eb4cb8fd4567756a2e4) Importer(815301076,1909f56bfc062723c751e8b465ee728b)
Start importing Assets/GameScene/Materials/BookCoverC.mat using Guid(4f90fc67b5b78eb4cb8fd4567756a2e4) Importer(815301076,1909f56bfc062723c751e8b465ee728b)  -> (artifact id: '044ed6100176a406bbc4e8f316312cdf') in 0.009999 seconds 
  Import took 0.012037 seconds .

========================================================================
Received Import Request.
  Time since last request: 0.000159 seconds.
  path: Assets/GameScene/Materials/WallMaterial.mat
  artifactKey: Guid(8df8cb4283b4f9244ada03f3aa018fdc) Importer(815301076,1909f56bfc062723c751e8b465ee728b)
Start importing Assets/GameScene/Materials/WallMaterial.mat using Guid(8df8cb4283b4f9244ada03f3aa018fdc) Importer(815301076,1909f56bfc062723c751e8b465ee728b)  -> (artifact id: '24b144184141306f398330645a788746') in 0.010168 seconds 
  Import took 0.012514 seconds .

========================================================================
Received Import Request.
  Time since last request: 0.000286 seconds.
  path: Assets/GameScene/Materials/BookCoverA.mat
  artifactKey: Guid(cda109fa535d9dd4495982d0deda2fd1) Importer(815301076,1909f56bfc062723c751e8b465ee728b)
Start importing Assets/GameScene/Materials/BookCoverA.mat using Guid(cda109fa535d9dd4495982d0deda2fd1) Importer(815301076,1909f56bfc062723c751e8b465ee728b)  -> (artifact id: '8a0b1d8444fd437f86580544da1e3965') in 0.009667 seconds 
  Import took 0.011670 seconds .

========================================================================
Received Import Request.
  Time since last request: 0.000267 seconds.
  path: Assets/GameScene/Materials/TriangleMaterial.mat
  artifactKey: Guid(5d072d9110968f2439edc76b5fa7de1e) Importer(815301076,1909f56bfc062723c751e8b465ee728b)
Start importing Assets/GameScene/Materials/TriangleMaterial.mat using Guid(5d072d9110968f2439edc76b5fa7de1e) Importer(815301076,1909f56bfc062723c751e8b465ee728b)  -> (artifact id: '30294e9e50ab5e04191717e1da6d4162') in 0.010109 seconds 
  Import took 0.012151 seconds .

========================================================================
Received Import Request.
  Time since last request: 0.000166 seconds.
  path: Assets/GameScene/Materials/ShelfMaterial.mat
  artifactKey: Guid(9c2f219bd977cbb47a641444d1f53534) Importer(815301076,1909f56bfc062723c751e8b465ee728b)
Start importing Assets/GameScene/Materials/ShelfMaterial.mat using Guid(9c2f219bd977cbb47a641444d1f53534) Importer(815301076,1909f56bfc062723c751e8b465ee728b)  -> (artifact id: '703d8b6840d3e2a2497bd5325a1a148e') in 0.009891 seconds 
  Import took 0.011799 seconds .

========================================================================
Received Import Request.
  Time since last request: 0.000164 seconds.
  path: Assets/GameScene/Materials/TrashBoxMaterial.mat
  artifactKey: Guid(a8e94206495d2bb40b456559cdb9923d) Importer(815301076,1909f56bfc062723c751e8b465ee728b)
Start importing Assets/GameScene/Materials/TrashBoxMaterial.mat using Guid(a8e94206495d2bb40b456559cdb9923d) Importer(815301076,1909f56bfc062723c751e8b465ee728b)  -> (artifact id: '5b860b645397627ce77fea5740df98c2') in 0.010660 seconds 
  Import took 0.012842 seconds .

========================================================================
Received Import Request.
  Time since last request: 0.000178 seconds.
  path: Assets/GameScene/Materials/Lamp.mat
  artifactKey: Guid(3ddab5caf7526324099d45d9e1696190) Importer(815301076,1909f56bfc062723c751e8b465ee728b)
Start importing Assets/GameScene/Materials/Lamp.mat using Guid(3ddab5caf7526324099d45d9e1696190) Importer(815301076,1909f56bfc062723c751e8b465ee728b)  -> (artifact id: 'e343f1f4a9917fb396d3a149c3354875') in 0.021210 seconds 
  Import took 0.023253 seconds .

========================================================================
Received Import Request.
  Time since last request: 0.000191 seconds.
  path: Assets/GameScene/Materials/HangerMaterial.mat
  artifactKey: Guid(790cc428a80109b468e542dc2f46c96a) Importer(815301076,1909f56bfc062723c751e8b465ee728b)
Start importing Assets/GameScene/Materials/HangerMaterial.mat using Guid(790cc428a80109b468e542dc2f46c96a) Importer(815301076,1909f56bfc062723c751e8b465ee728b)  -> (artifact id: '48ee9530ee5cfa2f47baf44d142c2b5e') in 0.009646 seconds 
  Import took 0.011663 seconds .

========================================================================
Received Import Request.
  Time since last request: 0.000220 seconds.
  path: Assets/GameScene/Materials/Wood.mat
  artifactKey: Guid(08b035ef367057448ab2d967dab14136) Importer(815301076,1909f56bfc062723c751e8b465ee728b)
Start importing Assets/GameScene/Materials/Wood.mat using Guid(08b035ef367057448ab2d967dab14136) Importer(815301076,1909f56bfc062723c751e8b465ee728b)  -> (artifact id: 'cfdd323e21da37cf64d35d72bb2c8e69') in 0.010485 seconds 
  Import took 0.012732 seconds .

========================================================================
Received Import Request.
  Time since last request: 0.000302 seconds.
  path: Assets/GameScene/Materials/StarMaterial.mat
  artifactKey: Guid(9b8de83104377164ea0dfdb7e38383b0) Importer(815301076,1909f56bfc062723c751e8b465ee728b)
Start importing Assets/GameScene/Materials/StarMaterial.mat using Guid(9b8de83104377164ea0dfdb7e38383b0) Importer(815301076,1909f56bfc062723c751e8b465ee728b)  -> (artifact id: '240cbbf59006b9736e2d659ab9a1a7d2') in 0.033131 seconds 
  Import took 0.035383 seconds .

========================================================================
Received Import Request.
  Time since last request: 0.000169 seconds.
  path: Assets/GameScene/Materials/KeyMaterial.mat
  artifactKey: Guid(8b655d8eec38b4b4e8e96757d09f684b) Importer(815301076,1909f56bfc062723c751e8b465ee728b)
Start importing Assets/GameScene/Materials/KeyMaterial.mat using Guid(8b655d8eec38b4b4e8e96757d09f684b) Importer(815301076,1909f56bfc062723c751e8b465ee728b)  -> (artifact id: '2c5b45b05b04f86094c5da9d96293a67') in 0.009569 seconds 
  Import took 0.011357 seconds .

========================================================================
Received Import Request.
  Time since last request: 0.000178 seconds.
  path: Assets/GameScene/Materials/BookCoverB.mat
  artifactKey: Guid(8ad518461a2831248910a34dc441517a) Importer(815301076,1909f56bfc062723c751e8b465ee728b)
Start importing Assets/GameScene/Materials/BookCoverB.mat using Guid(8ad518461a2831248910a34dc441517a) Importer(815301076,1909f56bfc062723c751e8b465ee728b)  -> (artifact id: '4026d1c45a502809d75fd0945d696e71') in 0.009246 seconds 
  Import took 0.011223 seconds .

========================================================================
Received Import Request.
  Time since last request: 0.000223 seconds.
  path: Assets/GameScene/Materials/ButtonMaterial2.mat
  artifactKey: Guid(e7a93bfd6ac6f7c43bc5a9cd28baf3e5) Importer(815301076,1909f56bfc062723c751e8b465ee728b)
Start importing Assets/GameScene/Materials/ButtonMaterial2.mat using Guid(e7a93bfd6ac6f7c43bc5a9cd28baf3e5) Importer(815301076,1909f56bfc062723c751e8b465ee728b)  -> (artifact id: '61deecc012722213a44e9a9542151f19') in 0.009298 seconds 
  Import took 0.011271 seconds .

========================================================================
Received Import Request.
  Time since last request: 0.000226 seconds.
  path: Assets/GameScene/Materials/Floor.mat
  artifactKey: Guid(555db7f53b640e64fb0be1e00d5ed262) Importer(815301076,1909f56bfc062723c751e8b465ee728b)
Start importing Assets/GameScene/Materials/Floor.mat using Guid(555db7f53b640e64fb0be1e00d5ed262) Importer(815301076,1909f56bfc062723c751e8b465ee728b)  -> (artifact id: '8c5786d8728151ecdfbff53cce174608') in 0.015175 seconds 
  Import took 0.017443 seconds .

========================================================================
Received Import Request.
  Time since last request: 0.000295 seconds.
  path: Assets/GameScene/Materials/ChairMaterial.mat
  artifactKey: Guid(8ab54198c21d0194691b4ab5e8283728) Importer(815301076,1909f56bfc062723c751e8b465ee728b)
Start importing Assets/GameScene/Materials/ChairMaterial.mat using Guid(8ab54198c21d0194691b4ab5e8283728) Importer(815301076,1909f56bfc062723c751e8b465ee728b)  -> (artifact id: '5c0557a353cdacf2f47a9bde217633db') in 0.010036 seconds 
  Import took 0.012207 seconds .

========================================================================
Received Import Request.
  Time since last request: 0.000234 seconds.
  path: Assets/GameScene/Materials/BookCoverD.mat
  artifactKey: Guid(bcf58878e78f4b34e88e21ef623102cc) Importer(815301076,1909f56bfc062723c751e8b465ee728b)
Start importing Assets/GameScene/Materials/BookCoverD.mat using Guid(bcf58878e78f4b34e88e21ef623102cc) Importer(815301076,1909f56bfc062723c751e8b465ee728b)  -> (artifact id: '952715eb4098a7d91e660f55adc2eb39') in 0.009995 seconds 
  Import took 0.012423 seconds .

========================================================================
Received Import Request.
  Time since last request: 0.000172 seconds.
  path: Assets/GameScene/Materials/ShirtsMaterial.mat
  artifactKey: Guid(c5444fcede084744295754ea352b2c4c) Importer(815301076,1909f56bfc062723c751e8b465ee728b)
Start importing Assets/GameScene/Materials/ShirtsMaterial.mat using Guid(c5444fcede084744295754ea352b2c4c) Importer(815301076,1909f56bfc062723c751e8b465ee728b)  -> (artifact id: 'ebe59381504da6ff20a3466d13cec708') in 0.009419 seconds 
  Import took 0.011301 seconds .

========================================================================
Received Import Request.
  Time since last request: 0.000237 seconds.
  path: Assets/GameScene/Materials/ButtonMaterial1.mat
  artifactKey: Guid(b7d48a8392c81a24fa5a0bc2dfabdc8b) Importer(815301076,1909f56bfc062723c751e8b465ee728b)
Start importing Assets/GameScene/Materials/ButtonMaterial1.mat using Guid(b7d48a8392c81a24fa5a0bc2dfabdc8b) Importer(815301076,1909f56bfc062723c751e8b465ee728b)  -> (artifact id: 'a38bfe1aff65861129fe7c9b3d06bcd2') in 0.009278 seconds 
  Import took 0.011372 seconds .

========================================================================
Received Import Request.
  Time since last request: 0.000240 seconds.
  path: Assets/GameScene/Materials/PCMaterial.mat
  artifactKey: Guid(3bb57e298e692ea4586174ee142fed55) Importer(815301076,1909f56bfc062723c751e8b465ee728b)
Start importing Assets/GameScene/Materials/PCMaterial.mat using Guid(3bb57e298e692ea4586174ee142fed55) Importer(815301076,1909f56bfc062723c751e8b465ee728b)  -> (artifact id: '731a1d03e72d794c79b244377aef9de6') in 0.008915 seconds 
  Import took 0.010987 seconds .

========================================================================
Received Import Request.
  Time since last request: 0.174304 seconds.
  path: Assets/GameScene/Meshes/Book.fbx
  artifactKey: Guid(ba9a7030ad0ceaf448dbf06d70c8aa40) Importer(815301076,1909f56bfc062723c751e8b465ee728b)
Start importing Assets/GameScene/Meshes/Book.fbx using Guid(ba9a7030ad0ceaf448dbf06d70c8aa40) Importer(815301076,1909f56bfc062723c751e8b465ee728b)  -> (artifact id: 'f074f075485b65483217742d8aa044b5') in 0.116984 seconds 
  Import took 0.119204 seconds .

========================================================================
Received Import Request.
  Time since last request: 0.000211 seconds.
  path: Assets/GameScene/Meshes/Sofa.fbx
  artifactKey: Guid(ac73c7a2a04b8444881c035634f7e286) Importer(815301076,1909f56bfc062723c751e8b465ee728b)
Start importing Assets/GameScene/Meshes/Sofa.fbx using Guid(ac73c7a2a04b8444881c035634f7e286) Importer(815301076,1909f56bfc062723c751e8b465ee728b)  -> (artifact id: 'c4b7cd12f9048c36db0d9fc8a3b54bae') in 0.013979 seconds 
  Import took 0.015764 seconds .

========================================================================
Received Import Request.
  Time since last request: 0.000287 seconds.
  path: Assets/GameScene/Meshes/Chair.fbx
  artifactKey: Guid(4f329289529d59044a5727c4a598d9cd) Importer(815301076,1909f56bfc062723c751e8b465ee728b)
Start importing Assets/GameScene/Meshes/Chair.fbx using Guid(4f329289529d59044a5727c4a598d9cd) Importer(815301076,1909f56bfc062723c751e8b465ee728b)  -> (artifact id: 'a46d09122325c3c933b1d92b58f02576') in 0.013345 seconds 
  Import took 0.015619 seconds .

========================================================================
Received Import Request.
  Time since last request: 0.000235 seconds.
  path: Assets/GameScene/Meshes/Key.fbx
  artifactKey: Guid(4d33af1d5ace71a4e880a973e877f81b) Importer(815301076,1909f56bfc062723c751e8b465ee728b)
Start importing Assets/GameScene/Meshes/Key.fbx using Guid(4d33af1d5ace71a4e880a973e877f81b) Importer(815301076,1909f56bfc062723c751e8b465ee728b)  -> (artifact id: '71141f20df9e31460862a3eae3d51e3b') in 0.013699 seconds 
  Import took 0.015704 seconds .

========================================================================
Received Import Request.
  Time since last request: 0.000256 seconds.
  path: Assets/GameScene/Meshes/Lamp.fbx
  artifactKey: Guid(ecef7ecef5e57474d8052336c2f91dd1) Importer(815301076,1909f56bfc062723c751e8b465ee728b)
Start importing Assets/GameScene/Meshes/Lamp.fbx using Guid(ecef7ecef5e57474d8052336c2f91dd1) Importer(815301076,1909f56bfc062723c751e8b465ee728b)  -> (artifact id: '36cbd6e2ba9054fc11a3fdd42bc6f06c') in 0.015210 seconds 
  Import took 0.017424 seconds .

========================================================================
Received Import Request.
  Time since last request: 0.000237 seconds.
  path: Assets/GameScene/Meshes/Shirts.fbx
  artifactKey: Guid(e606330f8978c0f47b9085d13f89b2b1) Importer(815301076,1909f56bfc062723c751e8b465ee728b)
Start importing Assets/GameScene/Meshes/Shirts.fbx using Guid(e606330f8978c0f47b9085d13f89b2b1) Importer(815301076,1909f56bfc062723c751e8b465ee728b)  -> (artifact id: 'd7600c947a5d636e241ffa195c468f54') in 0.013741 seconds 
  Import took 0.015780 seconds .

========================================================================
Received Import Request.
  Time since last request: 0.000257 seconds.
  path: Assets/GameScene/Meshes/Triangle.fbx
  artifactKey: Guid(3afecdae3d039ac469dd1085f8b262de) Importer(815301076,1909f56bfc062723c751e8b465ee728b)
Start importing Assets/GameScene/Meshes/Triangle.fbx using Guid(3afecdae3d039ac469dd1085f8b262de) Importer(815301076,1909f56bfc062723c751e8b465ee728b)  -> (artifact id: 'd8a9b68c2800a8a99496c0452512df87') in 0.013277 seconds 
  Import took 0.015454 seconds .

========================================================================
Received Import Request.
  Time since last request: 0.000365 seconds.
  path: Assets/GameScene/Meshes/E.fbx
  artifactKey: Guid(1cbcae836e06eae48b4f2c625a242e57) Importer(815301076,1909f56bfc062723c751e8b465ee728b)
Start importing Assets/GameScene/Meshes/E.fbx using Guid(1cbcae836e06eae48b4f2c625a242e57) Importer(815301076,1909f56bfc062723c751e8b465ee728b)  -> (artifact id: '552d0474d2bfa3b64e3e0165a2b0b8f2') in 0.014022 seconds 
  Import took 0.016127 seconds .

========================================================================
Received Import Request.
  Time since last request: 0.000228 seconds.
  path: Assets/GameScene/Meshes/TrashBox.fbx
  artifactKey: Guid(918864de9f13fd24c99b8b1b610f7903) Importer(815301076,1909f56bfc062723c751e8b465ee728b)
Start importing Assets/GameScene/Meshes/TrashBox.fbx using Guid(918864de9f13fd24c99b8b1b610f7903) Importer(815301076,1909f56bfc062723c751e8b465ee728b)  -> (artifact id: '456e2b54f36287ffe9e2874fc7e63e67') in 0.014734 seconds 
  Import took 0.016609 seconds .

========================================================================
Received Import Request.
  Time since last request: 0.000242 seconds.
  path: Assets/GameScene/Meshes/Door.fbx
  artifactKey: Guid(faccd447fb182a64483a1187079473cf) Importer(815301076,1909f56bfc062723c751e8b465ee728b)
Start importing Assets/GameScene/Meshes/Door.fbx using Guid(faccd447fb182a64483a1187079473cf) Importer(815301076,1909f56bfc062723c751e8b465ee728b)  -> (artifact id: 'e18562301231a28d308461efe23cac25') in 0.013307 seconds 
  Import took 0.015646 seconds .

========================================================================
Received Import Request.
  Time since last request: 0.000229 seconds.
  path: Assets/GameScene/Meshes/PC.fbx
  artifactKey: Guid(781e72996729ce5499cfbf855904e311) Importer(815301076,1909f56bfc062723c751e8b465ee728b)
Start importing Assets/GameScene/Meshes/PC.fbx using Guid(781e72996729ce5499cfbf855904e311) Importer(815301076,1909f56bfc062723c751e8b465ee728b)  -> (artifact id: '53f2fcf379927970aa6a875c32be79b0') in 0.013434 seconds 
  Import took 0.015392 seconds .

========================================================================
Received Import Request.
  Time since last request: 0.000238 seconds.
  path: Assets/GameScene/Meshes/Closet.fbx
  artifactKey: Guid(d399179cd38991e4eaeac7d8776a368c) Importer(815301076,1909f56bfc062723c751e8b465ee728b)
Start importing Assets/GameScene/Meshes/Closet.fbx using Guid(d399179cd38991e4eaeac7d8776a368c) Importer(815301076,1909f56bfc062723c751e8b465ee728b)  -> (artifact id: '4294d9ac304105ff866710fa6e596196') in 0.013500 seconds 
  Import took 0.015435 seconds .

========================================================================
Received Import Request.
  Time since last request: 0.000260 seconds.
  path: Assets/GameScene/Meshes/Desk.fbx
  artifactKey: Guid(860948ca13dacdd4caee8f1282633a01) Importer(815301076,1909f56bfc062723c751e8b465ee728b)
Start importing Assets/GameScene/Meshes/Desk.fbx using Guid(860948ca13dacdd4caee8f1282633a01) Importer(815301076,1909f56bfc062723c751e8b465ee728b)  -> (artifact id: '9b9d64689f7cfd630e231ccf1d673996') in 0.013612 seconds 
  Import took 0.015530 seconds .

========================================================================
Received Import Request.
  Time since last request: 0.393468 seconds.
  path: Assets/GameScene/Prefabs/ArtPrefab.prefab
  artifactKey: Guid(ec100e66dfcd5f34381e986393403503) Importer(815301076,1909f56bfc062723c751e8b465ee728b)
Start importing Assets/GameScene/Prefabs/ArtPrefab.prefab using Guid(ec100e66dfcd5f34381e986393403503) Importer(815301076,1909f56bfc062723c751e8b465ee728b)  -> (artifact id: 'db9fc8104fc20ad3e64319313cd0f470') in 0.019328 seconds 
  Import took 0.021404 seconds .

========================================================================
Received Import Request.
  Time since last request: 0.000333 seconds.
  path: Assets/GameScene/Prefabs/ChairPrefab.prefab
  artifactKey: Guid(012d41e33c483fb4bb3bdea861ee5805) Importer(815301076,1909f56bfc062723c751e8b465ee728b)
Start importing Assets/GameScene/Prefabs/ChairPrefab.prefab using Guid(012d41e33c483fb4bb3bdea861ee5805) Importer(815301076,1909f56bfc062723c751e8b465ee728b)  -> (artifact id: '18f703af5f8ee4f6f4af7a50de55dade') in 0.012657 seconds 
  Import took 0.014727 seconds .

========================================================================
Received Import Request.
  Time since last request: 0.000244 seconds.
  path: Assets/GameScene/Prefabs/DoorPrefab.prefab
  artifactKey: Guid(1049e1f8562a2154eafb520565456977) Importer(815301076,1909f56bfc062723c751e8b465ee728b)
Start importing Assets/GameScene/Prefabs/DoorPrefab.prefab using Guid(1049e1f8562a2154eafb520565456977) Importer(815301076,1909f56bfc062723c751e8b465ee728b)  -> (artifact id: 'a8266b374789556ae1cd113f79f19863') in 0.017435 seconds 
  Import took 0.019845 seconds .

========================================================================
Received Import Request.
  Time since last request: 0.000214 seconds.
  path: Assets/GameScene/Prefabs/TrianglePrefab.prefab
  artifactKey: Guid(2793cf38833826e4d9365d53f2a0d68a) Importer(815301076,1909f56bfc062723c751e8b465ee728b)
Start importing Assets/GameScene/Prefabs/TrianglePrefab.prefab using Guid(2793cf38833826e4d9365d53f2a0d68a) Importer(815301076,1909f56bfc062723c751e8b465ee728b)  -> (artifact id: '82c163a78d8f09992ad69f4719195329') in 0.011185 seconds 
  Import took 0.013044 seconds .

========================================================================
Received Import Request.
  Time since last request: 0.000337 seconds.
  path: Assets/GameScene/Prefabs/BoardPrefab.prefab
  artifactKey: Guid(afb08737a468d3c4892544b4973d44e6) Importer(815301076,1909f56bfc062723c751e8b465ee728b)
Start importing Assets/GameScene/Prefabs/BoardPrefab.prefab using Guid(afb08737a468d3c4892544b4973d44e6) Importer(815301076,1909f56bfc062723c751e8b465ee728b)  -> (artifact id: '5d26ac1866d0033b5493cae1fc59ddb5') in 0.010297 seconds 
  Import took 0.012233 seconds .

========================================================================
Received Import Request.
  Time since last request: 0.000249 seconds.
  path: Assets/GameScene/Prefabs/CushionPrefab.prefab
  artifactKey: Guid(ce1b7b3bcfbdbca4f8f54756e4901678) Importer(815301076,1909f56bfc062723c751e8b465ee728b)
Start importing Assets/GameScene/Prefabs/CushionPrefab.prefab using Guid(ce1b7b3bcfbdbca4f8f54756e4901678) Importer(815301076,1909f56bfc062723c751e8b465ee728b)  -> (artifact id: '34e17b8445665bb10b921c8a1e9a3295') in 0.009919 seconds 
  Import took 0.011973 seconds .

========================================================================
Received Import Request.
  Time since last request: 0.000234 seconds.
  path: Assets/GameScene/Prefabs/KeyPrefab.prefab
  artifactKey: Guid(41ec0e9f2f36a9945a1547074e8c1c52) Importer(815301076,1909f56bfc062723c751e8b465ee728b)
Start importing Assets/GameScene/Prefabs/KeyPrefab.prefab using Guid(41ec0e9f2f36a9945a1547074e8c1c52) Importer(815301076,1909f56bfc062723c751e8b465ee728b)  -> (artifact id: '33a651f5ab445cb3730e8fd4a8e1643e') in 0.010480 seconds 
  Import took 0.012594 seconds .

========================================================================
Received Import Request.
  Time since last request: 0.000165 seconds.
  path: Assets/GameScene/Prefabs/PCPrefab.prefab
  artifactKey: Guid(d0997c3070c71d840bbd7c249ff23edd) Importer(815301076,1909f56bfc062723c751e8b465ee728b)
Start importing Assets/GameScene/Prefabs/PCPrefab.prefab using Guid(d0997c3070c71d840bbd7c249ff23edd) Importer(815301076,1909f56bfc062723c751e8b465ee728b)  -> (artifact id: '740d495abc3b6caa11df20f859f09e9d') in 0.009951 seconds 
  Import took 0.011980 seconds .

========================================================================
Received Import Request.
  Time since last request: 0.000276 seconds.
  path: Assets/GameScene/Prefabs/BallPrefab2.prefab
  artifactKey: Guid(90ed15b01464d5145af4674b869461c7) Importer(815301076,1909f56bfc062723c751e8b465ee728b)
Start importing Assets/GameScene/Prefabs/BallPrefab2.prefab using Guid(90ed15b01464d5145af4674b869461c7) Importer(815301076,1909f56bfc062723c751e8b465ee728b)  -> (artifact id: '3bcca1b212d5f9c0941cc2b3ad9927b3') in 0.009906 seconds 
  Import took 0.012276 seconds .

========================================================================
Received Import Request.
  Time since last request: 0.000234 seconds.
  path: Assets/GameScene/Prefabs/BoxPrefab.prefab
  artifactKey: Guid(4a5b3ba4e8a87b442ba7e1340cbffd1b) Importer(815301076,1909f56bfc062723c751e8b465ee728b)
Start importing Assets/GameScene/Prefabs/BoxPrefab.prefab using Guid(4a5b3ba4e8a87b442ba7e1340cbffd1b) Importer(815301076,1909f56bfc062723c751e8b465ee728b)  -> (artifact id: '767fe8a6c9f1a160b6f80b5795729692') in 0.010717 seconds 
  Import took 0.012830 seconds .

========================================================================
Received Import Request.
  Time since last request: 0.000179 seconds.
  path: Assets/GameScene/Prefabs/BallPrefab1.prefab
  artifactKey: Guid(80de48098a04431468a7c50abf39ad25) Importer(815301076,1909f56bfc062723c751e8b465ee728b)
Start importing Assets/GameScene/Prefabs/BallPrefab1.prefab using Guid(80de48098a04431468a7c50abf39ad25) Importer(815301076,1909f56bfc062723c751e8b465ee728b)  -> (artifact id: '123eb4e00763f0df28ae64bd32dc0633') in 0.010382 seconds 
  Import took 0.012606 seconds .

========================================================================
Received Import Request.
  Time since last request: 0.000219 seconds.
  path: Assets/GameScene/Prefabs/BookPrefab.prefab
  artifactKey: Guid(1c415e1b1b801664cb932184e91cf32e) Importer(815301076,1909f56bfc062723c751e8b465ee728b)
Start importing Assets/GameScene/Prefabs/BookPrefab.prefab using Guid(1c415e1b1b801664cb932184e91cf32e) Importer(815301076,1909f56bfc062723c751e8b465ee728b)  -> (artifact id: '65893cfda7ba1a6f19e9ef7b84f84a93') in 0.010116 seconds 
  Import took 0.012698 seconds .

========================================================================
Received Import Request.
  Time since last request: 0.000281 seconds.
  path: Assets/GameScene/Prefabs/SecurityBoxPrefab.prefab
  artifactKey: Guid(1c6752d3c6e60f94a9221dd5b7f45e07) Importer(815301076,1909f56bfc062723c751e8b465ee728b)
Start importing Assets/GameScene/Prefabs/SecurityBoxPrefab.prefab using Guid(1c6752d3c6e60f94a9221dd5b7f45e07) Importer(815301076,1909f56bfc062723c751e8b465ee728b)  -> (artifact id: 'fa03fba60c15b0c34b23d48706aaa6b8') in 0.029483 seconds 
  Import took 0.031693 seconds .

========================================================================
Received Import Request.
  Time since last request: 0.000682 seconds.
  path: Assets/GameScene/Prefabs/LampPrefab.prefab
  artifactKey: Guid(efedeb39424d4c14e80f7cfc4aa75db4) Importer(815301076,1909f56bfc062723c751e8b465ee728b)
Start importing Assets/GameScene/Prefabs/LampPrefab.prefab using Guid(efedeb39424d4c14e80f7cfc4aa75db4) Importer(815301076,1909f56bfc062723c751e8b465ee728b)  -> (artifact id: 'a13d304f03bcb3d6068bd32057a4a69c') in 0.009742 seconds 
  Import took 0.011988 seconds .

========================================================================
Received Import Request.
  Time since last request: 0.000231 seconds.
  path: Assets/GameScene/Prefabs/GenerateButtonPrefab.prefab
  artifactKey: Guid(3b6311c88ab6cff4d9c5856687b93306) Importer(815301076,1909f56bfc062723c751e8b465ee728b)
Start importing Assets/GameScene/Prefabs/GenerateButtonPrefab.prefab using Guid(3b6311c88ab6cff4d9c5856687b93306) Importer(815301076,1909f56bfc062723c751e8b465ee728b)  -> (artifact id: '5c30423367fb990b9c201deb16379ff2') in 0.010720 seconds 
  Import took 0.012709 seconds .

========================================================================
Received Import Request.
  Time since last request: 0.000179 seconds.
  path: Assets/GameScene/Prefabs/ClosetPrefab.prefab
  artifactKey: Guid(b15582882d8143e4698a8f0932a425fd) Importer(815301076,1909f56bfc062723c751e8b465ee728b)
Start importing Assets/GameScene/Prefabs/ClosetPrefab.prefab using Guid(b15582882d8143e4698a8f0932a425fd) Importer(815301076,1909f56bfc062723c751e8b465ee728b)  -> (artifact id: 'd1bbf3beeba927d7e566332cbaa7506f') in 0.010348 seconds 
  Import took 0.012574 seconds .

========================================================================
Received Import Request.
  Time since last request: 0.000233 seconds.
  path: Assets/GameScene/Prefabs/DeskPrefab.prefab
  artifactKey: Guid(e17b4289caf7072459fd1a3913195eef) Importer(815301076,1909f56bfc062723c751e8b465ee728b)
Start importing Assets/GameScene/Prefabs/DeskPrefab.prefab using Guid(e17b4289caf7072459fd1a3913195eef) Importer(815301076,1909f56bfc062723c751e8b465ee728b)  -> (artifact id: 'b5a4320bd90def728986a9c65ea66b5b') in 0.010106 seconds 
  Import took 0.012178 seconds .

========================================================================
Received Import Request.
  Time since last request: 0.000291 seconds.
  path: Assets/GameScene/Prefabs/SofaPrefab.prefab
  artifactKey: Guid(05c77298473214abab8f935295118773) Importer(815301076,1909f56bfc062723c751e8b465ee728b)
Start importing Assets/GameScene/Prefabs/SofaPrefab.prefab using Guid(05c77298473214abab8f935295118773) Importer(815301076,1909f56bfc062723c751e8b465ee728b)  -> (artifact id: 'e87031e02b538752f59694cb8f1e9bc7') in 0.011411 seconds 
  Import took 0.013604 seconds .

========================================================================
Received Import Request.
  Time since last request: 0.000205 seconds.
  path: Assets/GameScene/Prefabs/ShelfPrefab.prefab
  artifactKey: Guid(4f24619fda6716a4596e957a49b13902) Importer(815301076,1909f56bfc062723c751e8b465ee728b)
Start importing Assets/GameScene/Prefabs/ShelfPrefab.prefab using Guid(4f24619fda6716a4596e957a49b13902) Importer(815301076,1909f56bfc062723c751e8b465ee728b)  -> (artifact id: '1a542ba470164ca8439718ae1e9b287d') in 0.013676 seconds 
  Import took 0.016035 seconds .

========================================================================
Received Import Request.
  Time since last request: 0.000227 seconds.
  path: Assets/GameScene/Prefabs/WallPrefab.prefab
  artifactKey: Guid(f5b9a42ff9413c742aa5e31338fb8e0d) Importer(815301076,1909f56bfc062723c751e8b465ee728b)
Start importing Assets/GameScene/Prefabs/WallPrefab.prefab using Guid(f5b9a42ff9413c742aa5e31338fb8e0d) Importer(815301076,1909f56bfc062723c751e8b465ee728b)  -> (artifact id: 'd6c5260c43e4e89c4ffc007bb7c873cb') in 0.009789 seconds 
  Import took 0.012135 seconds .

========================================================================
Received Import Request.
  Time since last request: 0.000235 seconds.
  path: Assets/GameScene/Prefabs/TrashBoxPrefab.prefab
  artifactKey: Guid(697b49fb1b9838e4bb436e3ac4ced27e) Importer(815301076,1909f56bfc062723c751e8b465ee728b)
Start importing Assets/GameScene/Prefabs/TrashBoxPrefab.prefab using Guid(697b49fb1b9838e4bb436e3ac4ced27e) Importer(815301076,1909f56bfc062723c751e8b465ee728b)  -> (artifact id: '9a4ad847f4c22fcf4c098c441900687e') in 0.010820 seconds 
  Import took 0.012901 seconds .

========================================================================
Received Prepare
Registering precompiled user dll's ...
Registered in 0.002581 seconds.
Begin MonoManager ReloadAssembly
Native extension for WindowsStandalone target not found
Refreshing native plugins compatible for Editor in 0.26 ms, found 2 plugins.
Preloading 0 native plugins for Editor in 0.00 ms.
Mono: successfully reloaded assembly
- Completed reload, in  0.766 seconds
Domain Reload Profiling:
	ReloadAssembly (767ms)
		BeginReloadAssembly (90ms)
			ExecutionOrderSort (0ms)
			DisableScriptedObjects (4ms)
			BackupInstance (0ms)
			ReleaseScriptingObjects (0ms)
			CreateAndSetChildDomain (27ms)
		EndReloadAssembly (627ms)
			LoadAssemblies (67ms)
			RebuildTransferFunctionScriptingTraits (0ms)
			SetupTypeCache (212ms)
			ReleaseScriptCaches (1ms)
			RebuildScriptCaches (31ms)
			SetupLoadedEditorAssemblies (230ms)
				LogAssemblyErrors (0ms)
				InitializePlatformSupportModulesInManaged (5ms)
				SetLoadedEditorAssemblies (0ms)
				RefreshPlugins (0ms)
				BeforeProcessingInitializeOnLoad (42ms)
				ProcessInitializeOnLoadAttributes (174ms)
				ProcessInitializeOnLoadMethodAttributes (3ms)
				AfterProcessingInitializeOnLoad (5ms)
				EditorAssembliesLoaded (0ms)
			ExecutionOrderSort2 (0ms)
			AwakeInstancesAfterBackupRestoration (6ms)
Platform modules already initialized, skipping
Refreshing native plugins compatible for Editor in 0.26 ms, found 2 plugins.
Preloading 0 native plugins for Editor in 0.00 ms.
Unloading 1397 Unused Serialized files (Serialized files now loaded: 0)
System memory in use before: 68.9 MB.
System memory in use after: 69.0 MB.

Unloading 17 unused Assets to reduce memory usage. Loaded Objects now: 1891.
Total: 1.830700 ms (FindLiveObjects: 0.110900 ms CreateObjectMapping: 0.069100 ms MarkObjects: 1.577500 ms  DeleteObjects: 0.072400 ms)

AssetImportParameters requested are different than current active one (requested -> active):
  custom:framework-win-MediaFoundation: 216162199b28c13a410421893ffa2e32 -> 
  custom:video-decoder-ogg-theora: a1e56fd34408186e4bbccfd4996cb3dc -> 
  custom:container-muxer-webm: aa71ff27fc2769a1b78a27578f13a17b -> 
  custom:container-demuxer-webm: 4f35f7cbe854078d1ac9338744f61a02 -> 
  custom:container-demuxer-ogg: 62fdf1f143b41e24485cea50d1cbac27 -> 
  custom:video-encoder-webm-vp8: eb34c28f22e8b96e1ab97ce403110664 -> 
  custom:video-codec-MediaFoundation-h265: 746d11721c4dcdbdad8f713fa42b33f4 -> 
  custom:video-decoder-webm-vp8: 9c59270c3fd7afecdb556c50c9e8de78 -> 
  custom:audio-decoder-ogg-vorbis: bf7c407c2cedff20999df2af8eb42d56 -> 
  custom:audio-encoder-webm-vorbis: bf7c407c2cedff20999df2af8eb42d56 -> 
========================================================================
Received Prepare
Registering precompiled user dll's ...
Registered in 0.002582 seconds.
Begin MonoManager ReloadAssembly
Native extension for WindowsStandalone target not found
Refreshing native plugins compatible for Editor in 0.27 ms, found 2 plugins.
Preloading 0 native plugins for Editor in 0.00 ms.
Mono: successfully reloaded assembly
- Completed reload, in  0.756 seconds
Domain Reload Profiling:
	ReloadAssembly (756ms)
		BeginReloadAssembly (94ms)
			ExecutionOrderSort (0ms)
			DisableScriptedObjects (4ms)
			BackupInstance (0ms)
			ReleaseScriptingObjects (0ms)
			CreateAndSetChildDomain (23ms)
		EndReloadAssembly (612ms)
			LoadAssemblies (67ms)
			RebuildTransferFunctionScriptingTraits (0ms)
			SetupTypeCache (211ms)
			ReleaseScriptCaches (1ms)
			RebuildScriptCaches (31ms)
			SetupLoadedEditorAssemblies (220ms)
				LogAssemblyErrors (0ms)
				InitializePlatformSupportModulesInManaged (5ms)
				SetLoadedEditorAssemblies (0ms)
				RefreshPlugins (0ms)
				BeforeProcessingInitializeOnLoad (40ms)
				ProcessInitializeOnLoadAttributes (166ms)
				ProcessInitializeOnLoadMethodAttributes (3ms)
				AfterProcessingInitializeOnLoad (5ms)
				EditorAssembliesLoaded (0ms)
			ExecutionOrderSort2 (0ms)
			AwakeInstancesAfterBackupRestoration (5ms)
Platform modules already initialized, skipping
Refreshing native plugins compatible for Editor in 0.26 ms, found 2 plugins.
Preloading 0 native plugins for Editor in 0.00 ms.
Unloading 1397 Unused Serialized files (Serialized files now loaded: 0)
System memory in use before: 68.9 MB.
System memory in use after: 69.0 MB.

Unloading 14 unused Assets to reduce memory usage. Loaded Objects now: 1894.
Total: 1.929500 ms (FindLiveObjects: 0.117700 ms CreateObjectMapping: 0.033800 ms MarkObjects: 1.712800 ms  DeleteObjects: 0.064500 ms)

AssetImportParameters requested are different than current active one (requested -> active):
  custom:framework-win-MediaFoundation: 216162199b28c13a410421893ffa2e32 -> 
  custom:video-decoder-ogg-theora: a1e56fd34408186e4bbccfd4996cb3dc -> 
  custom:container-muxer-webm: aa71ff27fc2769a1b78a27578f13a17b -> 
  custom:container-demuxer-webm: 4f35f7cbe854078d1ac9338744f61a02 -> 
  custom:container-demuxer-ogg: 62fdf1f143b41e24485cea50d1cbac27 -> 
  custom:video-encoder-webm-vp8: eb34c28f22e8b96e1ab97ce403110664 -> 
  custom:video-codec-MediaFoundation-h265: 746d11721c4dcdbdad8f713fa42b33f4 -> 
  custom:video-decoder-webm-vp8: 9c59270c3fd7afecdb556c50c9e8de78 -> 
  custom:audio-decoder-ogg-vorbis: bf7c407c2cedff20999df2af8eb42d56 -> 
  custom:audio-encoder-webm-vorbis: bf7c407c2cedff20999df2af8eb42d56 -> 
AssetImportWorkerClient::OnTransportError - code=2 error=End of file
